<?xml version="1.0" encoding="UTF-8"?>
<testsuite name="org.mt.mms.ManagementServiceApplicationTests" tests="1" skipped="0" failures="0" errors="0" timestamp="2024-04-23T07:30:38" hostname="DESKTOP-RR24TP9" time="0.95">
  <properties/>
  <testcase name="contextLoads()" classname="org.mt.mms.ManagementServiceApplicationTests" time="0.95"/>
  <system-out><![CDATA[16:30:35.947 [Test worker] INFO org.springframework.test.context.support.AnnotationConfigContextLoaderUtils -- Could not detect default configuration classes for test class [org.mt.mms.ManagementServiceApplicationTests]: ManagementServiceApplicationTests does not declare any static, non-private, non-final, nested classes annotated with @Configuration.
16:30:36.036 [Test worker] INFO org.springframework.boot.test.context.SpringBootTestContextBootstrapper -- Found @SpringBootConfiguration org.mt.mms.ManagementServiceApplication for test class org.mt.mms.ManagementServiceApplicationTests
16:30:36,395 |-INFO in ch.qos.logback.core.model.processor.AppenderModelHandler - Processing appender named [console]
16:30:36,395 |-INFO in ch.qos.logback.core.model.processor.AppenderModelHandler - About to instantiate appender of type [ch.qos.logback.core.ConsoleAppender]
16:30:36,401 |-INFO in ch.qos.logback.core.model.processor.ImplicitModelHandler - Assuming default type [ch.qos.logback.classic.encoder.PatternLayoutEncoder] for [encoder] property
16:30:36,413 |-INFO in ch.qos.logback.classic.model.processor.LoggerModelHandler - Setting level of logger [org.mt.mms] to DEBUG
16:30:36,414 |-INFO in ch.qos.logback.classic.jul.LevelChangePropagator@17814b1c - Propagating DEBUG level on Logger[org.mt.mms] onto the JUL framework
16:30:36,414 |-INFO in ch.qos.logback.classic.model.processor.LoggerModelHandler - Setting level of logger [java.sql.ResultSet] to OFF
16:30:36,414 |-INFO in ch.qos.logback.classic.jul.LevelChangePropagator@17814b1c - Propagating OFF level on Logger[java.sql.ResultSet] onto the JUL framework
16:30:36,415 |-INFO in ch.qos.logback.classic.model.processor.RootLoggerModelHandler - Setting level of ROOT logger to INFO
16:30:36,415 |-INFO in ch.qos.logback.classic.jul.LevelChangePropagator@17814b1c - Propagating INFO level on Logger[ROOT] onto the JUL framework
16:30:36,415 |-INFO in ch.qos.logback.core.model.processor.AppenderRefModelHandler - Attaching appender named [console] to Logger[ROOT]
16:30:36,415 |-INFO in ch.qos.logback.core.model.processor.DefaultProcessor@15cea7b0 - End of configuration.
16:30:36,415 |-INFO in org.springframework.boot.logging.logback.SpringBootJoranConfigurator@185f7840 - Registering current configuration as safe fallback point

  .   ____          _            __ _ _
 /\\ / ___'_ __ _ _(_)_ __  __ _ \ \ \ \
( ( )\___ | '_ | '_| | '_ \/ _` | \ \ \ \
 \\/  ___)| |_)| | | | | || (_| |  ) ) ) )
  '  |____| .__|_| |_|_| |_\__, | / / / /
 =========|_|==============|___/=/_/_/_/
 :: Spring Boot ::                (v3.2.4)

2024-04-23 16:30:36,465  INFO [org.mt.mms.ManagementServiceApplicationTests] Starting ManagementServiceApplicationTests using Java 17.0.10 with PID 14188 (started by jeewo in C:\hlot\hlot_be_service\ManagementService)
2024-04-23 16:30:36,466 DEBUG [org.mt.mms.ManagementServiceApplicationTests] Running with Spring Boot v3.2.4, Spring v6.1.5
2024-04-23 16:30:36,466  INFO [org.mt.mms.ManagementServiceApplicationTests] No active profile set, falling back to 1 default profile: "default"
2024-04-23 16:30:38,631  INFO [org.mt.mms.ManagementServiceApplicationTests] Started ManagementServiceApplicationTests in 2.418 seconds (process running for 3.452)
]]></system-out>
  <system-err><![CDATA[]]></system-err>
</testsuite>
