<?xml version="1.0" encoding="UTF-8"?>
<testsuite name="org.mt.mms.ManagementServiceApplicationTests" tests="1" skipped="0" failures="0" errors="0" timestamp="2024-04-29T06:07:40" hostname="DESKTOP-RR24TP9" time="0.891">
  <properties/>
  <testcase name="contextLoads()" classname="org.mt.mms.ManagementServiceApplicationTests" time="0.891"/>
  <system-out><![CDATA[15:07:37.556 [Test worker] INFO org.springframework.test.context.support.AnnotationConfigContextLoaderUtils -- Could not detect default configuration classes for test class [org.mt.mms.ManagementServiceApplicationTests]: ManagementServiceApplicationTests does not declare any static, non-private, non-final, nested classes annotated with @Configuration.
15:07:37.652 [Test worker] INFO org.springframework.boot.test.context.SpringBootTestContextBootstrapper -- Found @SpringBootConfiguration org.mt.mms.ManagementServiceApplication for test class org.mt.mms.ManagementServiceApplicationTests

  .   ____          _            __ _ _
 /\\ / ___'_ __ _ _(_)_ __  __ _ \ \ \ \
( ( )\___ | '_ | '_| | '_ \/ _` | \ \ \ \
 \\/  ___)| |_)| | | | | || (_| |  ) ) ) )
  '  |____| .__|_| |_|_| |_\__, | / / / /
 =========|_|==============|___/=/_/_/_/
 :: Spring Boot ::                (v3.2.4)

2024-04-29T15:07:38.040+09:00  INFO 4448 --- [ManagementService] [    Test worker] o.m.m.ManagementServiceApplicationTests  : Starting ManagementServiceApplicationTests using Java 17.0.10 with PID 4448 (started by jeewo in C:\hlot_\hlot_be_service\ManagementService)
2024-04-29T15:07:38.041+09:00  INFO 4448 --- [ManagementService] [    Test worker] o.m.m.ManagementServiceApplicationTests  : No active profile set, falling back to 1 default profile: "default"
2024-04-29T15:07:40.175+09:00  INFO 4448 --- [ManagementService] [    Test worker] o.m.m.ManagementServiceApplicationTests  : Started ManagementServiceApplicationTests in 2.343 seconds (process running for 3.444)
]]></system-out>
  <system-err><![CDATA[]]></system-err>
</testsuite>
